2013-09-22 22:38:11,090 DEBUG Animation Thread gameObjects.Player - Objects gameObjects.GroundMonster@f342a0b and gameObjects.BoundingObject@78d409d2 were previously colliding.  Not checking for new collision.
2013-09-22 22:38:11,090 DEBUG Animation Thread gameObjects.Player - Objects gameObjects.GroundMonster@f342a0b and gameObjects.BoundingObject@395ad219 were previously colliding.  Not checking for new collision.
2013-09-22 22:38:11,090 DEBUG Animation Thread gameObjects.Player - Objects gameObjects.GroundMonster@f342a0b and gameObjects.BoundingObject@2324fb16 were previously colliding.  Not checking for new collision.
2013-09-22 22:38:11,090 DEBUG Animation Thread gameObjects.Player - Objects gameObjects.GroundMonster@f342a0b and gameObjects.BoundingObject@421309ec were previously colliding.  Not checking for new collision.
2013-09-22 22:38:11,106 DEBUG Animation Thread gameObjects.Player - Objects gameObjects.GroundMonster@f342a0b and gameObjects.BoundingObject@28d0f7f7 were previously colliding.  Not checking for new collision.
2013-09-22 22:38:11,106 DEBUG Animation Thread gameObjects.Player - Objects gameObjects.GroundMonster@f342a0b and gameObjects.BoundingObject@29b43ff9 were previously colliding.  Not checking for new collision.
2013-09-22 22:38:11,106 DEBUG Animation Thread gameObjects.Player - Objects gameObjects.GroundMonster@f342a0b and gameObjects.BoundingObject@78d409d2 were previously colliding.  Not checking for new collision.
2013-09-22 22:38:11,106 DEBUG Animation Thread gameObjects.Player - Objects gameObjects.GroundMonster@f342a0b and gameObjects.BoundingObject@395ad219 were previously colliding.  Not checking for new collision.
2013-09-22 22:38:11,106 DEBUG Animation Thread gameObjects.Player - Objects gameObjects.GroundMonster@f342a0b and gameObjects.BoundingObject@2324fb16 were previously colliding.  Not checking for new collision.
2013-09-22 22:38:11,106 DEBUG Animation Thread gameObjects.Player - Objects gameObjects.GroundMonster@f342a0b and gameObjects.BoundingObject@421309ec were previously colliding.  Not checking for new collision.
2013-09-22 22:41:35,197 DEBUG Animation Thread gameObjects.Player - Player is able to jump.  Jumping...
2013-09-22 22:41:35,396 DEBUG Animation Thread gameObjects.Player - Player is able to jump.  Jumping...
2013-09-22 22:41:36,548 DEBUG Animation Thread gameObjects.Player - Player is able to jump.  Jumping...
2013-09-22 22:41:36,831 DEBUG Animation Thread gameObjects.Player - Player is able to jump.  Jumping...
2013-09-22 22:41:49,710 DEBUG Animation Thread gameObjects.Player - Player is able to jump.  Jumping...
2013-09-22 22:41:49,927 DEBUG Animation Thread gameObjects.Player - Player is able to jump.  Jumping...
2013-09-22 22:41:50,249 DEBUG Animation Thread gameObjects.Player - Player is able to jump.  Jumping...
2013-09-22 22:42:03,753 DEBUG Animation Thread gameObjects.Player - Player is able to jump.  Jumping...
2013-09-22 22:42:03,845 DEBUG Animation Thread gameObjects.Player - Player is able to jump.  Jumping...
2013-09-22 22:42:04,106 DEBUG Animation Thread gameObjects.Player - Player is able to jump.  Jumping...
2013-09-22 22:42:36,782 DEBUG Animation Thread gameObjects.Player - Player is able to jump.  Jumping...
2013-09-22 22:42:37,074 DEBUG Animation Thread gameObjects.Player - Player is able to jump.  Jumping...
2013-09-22 22:42:38,264 DEBUG Animation Thread gameObjects.Player - Player is able to jump.  Jumping...
2013-09-22 22:42:39,431 DEBUG Animation Thread gameObjects.Player - Player is able to jump.  Jumping...
2013-09-22 22:42:58,277 DEBUG Animation Thread gameObjects.Player - Player is able to jump.  Jumping...
2013-09-22 22:43:04,267 DEBUG Animation Thread gameObjects.Player - Player is able to jump.  Jumping...
2013-09-22 22:43:05,430 DEBUG Animation Thread gameObjects.Player - Player is able to jump.  Jumping...
2013-09-22 22:43:05,596 DEBUG Animation Thread gameObjects.Player - Player is able to jump.  Jumping...
2013-09-22 22:43:05,926 DEBUG Animation Thread gameObjects.Player - Player is able to jump.  Jumping...
2013-09-22 22:43:06,209 DEBUG Animation Thread gameObjects.Player - Player is able to jump.  Jumping...
2013-09-22 22:43:06,493 DEBUG Animation Thread gameObjects.Player - Player is able to jump.  Jumping...
2013-09-22 22:43:18,166 DEBUG Animation Thread gameObjects.Player - Player is able to jump.  Jumping...
2013-09-22 22:43:40,462 DEBUG Animation Thread gameObjects.Player - Player is able to jump.  Jumping...
2013-09-22 22:43:40,529 DEBUG Animation Thread gameObjects.Player - Player is able to jump.  Jumping...
2013-09-22 22:43:43,177 DEBUG Animation Thread gameObjects.Player - Player is able to jump.  Jumping...
2013-09-22 22:43:47,029 DEBUG Animation Thread gameObjects.Player - Player is able to jump.  Jumping...
2013-09-22 22:43:53,651 DEBUG Animation Thread gameObjects.Player - Player is able to jump.  Jumping...
2013-09-23 22:28:54,736 INFO main main.Flashback - Starting Flashback.
2013-09-23 22:28:57,255 INFO Animation Thread main.Flashback - Adding player to start.
2013-09-23 22:29:07,310 DEBUG Animation Thread gameObjects.Player - Player is able to jump.  Jumping...
2013-09-23 22:50:18,476 INFO main main.Flashback - Starting Flashback.
2013-09-23 22:50:19,925 INFO Animation Thread main.Flashback - Adding player to start.
2013-09-23 22:50:19,937 INFO Animation Thread main.Flashback - Loading level one...
2013-09-23 23:39:48,896 INFO main main.Flashback - Starting Flashback.
2013-09-23 23:39:50,333 INFO Animation Thread main.Flashback - Adding player to start.
2013-09-23 23:39:50,345 INFO Animation Thread objectManagers.LevelData - Loading level one...
2013-09-23 23:39:50,566 INFO Animation Thread objectManagers.LevelData - Loaded level one.
2013-09-23 23:40:42,261 INFO main main.Flashback - Starting Flashback.
2013-09-23 23:40:43,927 INFO Animation Thread main.Flashback - Adding player to start.
2013-09-23 23:40:43,938 INFO Animation Thread objectManagers.LevelData - Loading level one...
2013-09-23 23:40:44,149 INFO Animation Thread objectManagers.LevelData - Loaded level one.
2013-09-23 23:40:55,068 DEBUG Animation Thread gameObjects.Player - Player is able to jump.  Jumping...
2013-09-23 23:40:56,251 DEBUG Animation Thread gameObjects.Player - Player is able to jump.  Jumping...
2013-09-23 23:40:57,438 DEBUG Animation Thread gameObjects.Player - Player is able to jump.  Jumping...
2013-09-23 23:41:04,913 DEBUG Animation Thread gameObjects.Player - Player is able to jump.  Jumping...
2013-09-23 23:41:06,649 DEBUG Animation Thread gameObjects.Player - Player is able to jump.  Jumping...
2013-09-23 23:43:43,723 INFO main main.Flashback - Starting Flashback.
2013-09-23 23:43:45,256 INFO Animation Thread main.Flashback - Adding player to start.
2013-09-23 23:43:45,266 INFO Animation Thread objectManagers.LevelData - Loading level one...
2013-09-23 23:43:45,485 INFO Animation Thread objectManagers.LevelData - Loaded level one.
2013-09-23 23:44:01,806 DEBUG Animation Thread gameObjects.Player - Player is able to jump.  Jumping...
2013-09-23 23:44:03,129 DEBUG Animation Thread gameObjects.Player - Player is able to jump.  Jumping...
2013-09-23 23:44:04,663 DEBUG Animation Thread gameObjects.Player - Player is able to jump.  Jumping...
2013-09-23 23:44:05,898 DEBUG Animation Thread gameObjects.Player - Player is able to jump.  Jumping...
2013-09-23 23:44:07,216 DEBUG Animation Thread gameObjects.Player - Player is able to jump.  Jumping...
2013-09-23 23:44:08,482 DEBUG Animation Thread gameObjects.Player - Player is able to jump.  Jumping...
2013-09-23 23:44:10,053 DEBUG Animation Thread gameObjects.Player - Player is able to jump.  Jumping...
2013-09-23 23:44:11,653 DEBUG Animation Thread gameObjects.Player - Player is able to jump.  Jumping...
2013-09-23 23:45:18,747 INFO main main.Flashback - Starting Flashback.
2013-09-23 23:45:20,330 INFO Animation Thread main.Flashback - Adding player to start.
2013-09-23 23:45:20,341 INFO Animation Thread objectManagers.LevelData - Loading level one...
2013-09-23 23:45:20,655 INFO Animation Thread objectManagers.LevelData - Loaded level one.
2013-09-23 23:45:22,980 DEBUG Animation Thread gameObjects.Player - Player is able to jump.  Jumping...
2013-09-23 23:46:15,631 INFO main main.Flashback - Starting Flashback.
2013-09-23 23:46:17,223 INFO Animation Thread main.Flashback - Adding player to start.
2013-09-23 23:46:17,233 INFO Animation Thread objectManagers.LevelData - Loading level one...
2013-09-23 23:46:17,547 INFO Animation Thread objectManagers.LevelData - Loaded level one.
2013-09-23 23:46:19,330 DEBUG Animation Thread gameObjects.Player - Player is able to jump.  Jumping...
2013-09-23 23:46:20,603 DEBUG Animation Thread gameObjects.Player - Player is able to jump.  Jumping...
2013-09-23 23:46:22,524 DEBUG Animation Thread gameObjects.Player - Player is able to jump.  Jumping...
2013-09-23 23:50:23,923 INFO main main.Flashback - Starting Flashback.
2013-09-23 23:50:25,434 INFO Animation Thread main.Flashback - Adding player to start.
2013-09-23 23:50:25,444 INFO Animation Thread objectManagers.LevelData - Loading level one...
2013-09-23 23:50:25,660 INFO Animation Thread objectManagers.LevelData - Loaded level one.
2013-09-23 23:50:31,943 DEBUG Animation Thread gameObjects.Player - Player is able to jump.  Jumping...
2013-09-23 23:50:37,065 DEBUG Animation Thread gameObjects.Player - Player is able to jump.  Jumping...
2013-09-23 23:50:50,196 INFO main main.Flashback - Starting Flashback.
2013-09-23 23:50:51,673 INFO Animation Thread main.Flashback - Adding player to start.
2013-09-23 23:50:51,684 INFO Animation Thread objectManagers.LevelData - Loading level one...
2013-09-23 23:50:51,994 INFO Animation Thread objectManagers.LevelData - Loaded level one.
2013-09-23 23:50:59,124 DEBUG Animation Thread gameObjects.Player - Player is able to jump.  Jumping...
2013-09-23 23:51:06,547 INFO main main.Flashback - Starting Flashback.
2013-09-23 23:51:08,107 INFO Animation Thread main.Flashback - Adding player to start.
2013-09-23 23:51:08,118 INFO Animation Thread objectManagers.LevelData - Loading level one...
2013-09-23 23:51:08,434 INFO Animation Thread objectManagers.LevelData - Loaded level one.
2013-09-23 23:51:29,690 DEBUG Animation Thread gameObjects.Player - Player is able to jump.  Jumping...
2013-09-23 23:51:34,004 DEBUG Animation Thread gameObjects.Player - Player is able to jump.  Jumping...
2013-09-23 23:51:37,767 DEBUG Animation Thread gameObjects.Player - Player is able to jump.  Jumping...
2013-09-23 23:51:39,902 DEBUG Animation Thread gameObjects.Player - Player is able to jump.  Jumping...
2013-09-24 00:06:25,202 INFO main main.Flashback - Starting Flashback.
2013-09-24 00:06:26,662 INFO Animation Thread main.Flashback - Adding player to start.
2013-09-24 00:06:26,673 INFO Animation Thread objectManagers.LevelData - Loading level one...
2013-09-24 00:06:26,897 INFO Animation Thread objectManagers.LevelData - Loaded level one.
2013-09-24 00:06:40,299 INFO main main.Flashback - Starting Flashback.
2013-09-24 00:06:42,009 INFO Animation Thread main.Flashback - Adding player to start.
2013-09-24 00:06:42,020 INFO Animation Thread objectManagers.LevelData - Loading level one...
2013-09-24 00:06:42,328 INFO Animation Thread objectManagers.LevelData - Loaded level one.
2013-09-24 00:34:35,612 INFO main main.Flashback - Starting Flashback.
2013-09-24 00:34:37,247 INFO Animation Thread main.Flashback - Adding player to start.
2013-09-24 00:34:37,258 INFO Animation Thread objectManagers.LevelData - Loading level one...
2013-09-24 00:34:37,460 INFO Animation Thread objectManagers.LevelData - Loaded level one.
2013-09-24 00:34:44,733 DEBUG Animation Thread gameObjects.Player - Player is able to jump.  Jumping...
2013-09-24 00:34:48,950 DEBUG Animation Thread gameObjects.Player - Player is able to jump.  Jumping...
2013-09-24 00:35:51,084 INFO main main.Flashback - Starting Flashback.
2013-09-24 00:35:52,826 INFO Animation Thread main.Flashback - Adding player to start.
2013-09-24 00:35:52,837 INFO Animation Thread objectManagers.LevelData - Loading level one...
2013-09-24 00:35:53,047 INFO Animation Thread objectManagers.LevelData - Loaded level one.
2013-09-24 00:36:08,546 INFO main main.Flashback - Starting Flashback.
2013-09-24 00:36:10,131 INFO Animation Thread main.Flashback - Adding player to start.
2013-09-24 00:36:10,141 INFO Animation Thread objectManagers.LevelData - Loading level one...
2013-09-24 00:36:10,348 INFO Animation Thread objectManagers.LevelData - Loaded level one.
2013-09-24 00:36:17,806 DEBUG Animation Thread gameObjects.Player - Player is able to jump.  Jumping...
2013-09-24 00:36:22,139 DEBUG Animation Thread gameObjects.Player - Player is able to jump.  Jumping...
2013-09-24 00:36:30,539 DEBUG Animation Thread gameObjects.Player - Player is able to jump.  Jumping...
2013-09-24 00:36:35,400 DEBUG Animation Thread gameObjects.Player - Player is able to jump.  Jumping...
2013-09-24 00:38:34,815 INFO main main.Flashback - Starting Flashback.
2013-09-24 00:38:36,383 INFO Animation Thread main.Flashback - Adding player to start.
2013-09-24 00:38:36,393 INFO Animation Thread objectManagers.LevelData - Loading level one...
2013-09-24 00:38:36,594 INFO Animation Thread objectManagers.LevelData - Loaded level one.
2013-09-24 00:38:42,735 DEBUG Animation Thread gameObjects.Player - Player is able to jump.  Jumping...
2013-09-24 00:38:42,935 DEBUG Animation Thread gameObjects.Player - Player is able to jump.  Jumping...
2013-09-24 00:38:44,118 DEBUG Animation Thread gameObjects.Player - Player is able to jump.  Jumping...
2013-09-24 00:38:45,285 DEBUG Animation Thread gameObjects.Player - Player is able to jump.  Jumping...
2013-09-24 00:38:58,702 DEBUG Animation Thread gameObjects.Player - Player is able to jump.  Jumping...
2013-09-24 00:38:58,986 DEBUG Animation Thread gameObjects.Player - Player is able to jump.  Jumping...
2013-09-24 00:41:37,052 INFO main main.Flashback - Starting Flashback.
2013-09-24 00:41:38,422 INFO Animation Thread main.Flashback - Adding player to start.
2013-09-24 00:41:38,432 INFO Animation Thread objectManagers.LevelData - Loading level one...
2013-09-24 00:41:38,645 INFO Animation Thread objectManagers.LevelData - Loaded level one.
2013-09-24 00:41:44,396 DEBUG Animation Thread gameObjects.Player - Player is able to jump.  Jumping...
2013-09-24 00:41:51,679 DEBUG Animation Thread gameObjects.Player - Player is able to jump.  Jumping...
2013-09-24 00:41:51,746 DEBUG Animation Thread gameObjects.Player - Player is able to jump.  Jumping...
2013-09-24 00:42:03,613 DEBUG Animation Thread gameObjects.Player - Player is able to jump.  Jumping...
2013-09-24 00:42:05,396 DEBUG Animation Thread gameObjects.Player - Player is able to jump.  Jumping...
2013-09-24 00:42:07,596 DEBUG Animation Thread gameObjects.Player - Player is able to jump.  Jumping...
2013-09-24 00:42:07,796 DEBUG Animation Thread gameObjects.Player - Player is able to jump.  Jumping...
2013-09-24 00:42:20,730 DEBUG Animation Thread gameObjects.Player - Player is able to jump.  Jumping...
2013-09-24 00:42:20,813 DEBUG Animation Thread gameObjects.Player - Player is able to jump.  Jumping...
2013-09-24 00:42:22,030 DEBUG Animation Thread gameObjects.Player - Player is able to jump.  Jumping...
2013-09-24 10:59:19,619 INFO main main.Flashback - Starting Flashback.
2013-09-24 10:59:21,019 INFO Animation Thread main.Flashback - Adding player to start.
2013-09-24 10:59:21,030 INFO Animation Thread objectManagers.LevelData - Loading level one...
2013-09-24 10:59:21,232 INFO Animation Thread objectManagers.LevelData - Loaded level one.
2013-09-24 10:59:26,781 DEBUG Animation Thread gameObjects.Player - Player is able to jump.  Jumping...
2013-09-24 10:59:32,666 DEBUG Animation Thread gameObjects.Player - Player is able to jump.  Jumping...
2013-09-24 10:59:32,716 DEBUG Animation Thread gameObjects.Player - Player is able to jump.  Jumping...
2013-09-24 10:59:34,349 DEBUG Animation Thread gameObjects.Player - Player is able to jump.  Jumping...
2013-09-24 10:59:34,482 DEBUG Animation Thread gameObjects.Player - Player is able to jump.  Jumping...
2013-09-24 11:05:40,053 INFO main main.Flashback - Starting Flashback.
2013-09-24 11:05:41,449 INFO Animation Thread main.Flashback - Adding player to start.
2013-09-24 11:05:41,459 INFO Animation Thread objectManagers.LevelData - Loading level one...
2013-09-24 11:05:41,670 INFO Animation Thread objectManagers.LevelData - Loaded level one.
2013-09-24 11:05:45,841 DEBUG Animation Thread objectManagers.MonsterSpawner - Spawning air enemy...
2013-09-24 11:05:46,058 DEBUG Animation Thread objectManagers.MonsterSpawner - Spawning ground enemy...
2013-09-24 11:05:48,991 DEBUG Animation Thread objectManagers.MonsterSpawner - Spawning ground enemy...
2013-09-24 11:05:52,997 INFO main main.Flashback - Starting Flashback.
2013-09-24 11:05:54,336 INFO Animation Thread main.Flashback - Adding player to start.
2013-09-24 11:05:54,347 INFO Animation Thread objectManagers.LevelData - Loading level one...
2013-09-24 11:05:54,556 INFO Animation Thread objectManagers.LevelData - Loaded level one.
2013-09-24 11:05:58,871 DEBUG Animation Thread objectManagers.MonsterSpawner - Spawning ground enemy...
2013-09-24 11:05:59,204 DEBUG Animation Thread objectManagers.MonsterSpawner - Spawning air enemy...
2013-09-24 11:06:02,137 DEBUG Animation Thread objectManagers.MonsterSpawner - Spawning air enemy...
